2024-05-19T14:36:08.049+03:00  INFO 13024 --- [main] r.g.h.HomeworkSimpleApplication          : Starting HomeworkSimpleApplication using Java 21.0.1 with PID 13024 (D:\GeekBrains\Spring\note\target\classes started by Андрей in D:\GeekBrains\Spring\note)
2024-05-19T14:36:08.066+03:00  INFO 13024 --- [main] r.g.h.HomeworkSimpleApplication          : No active profile set, falling back to 1 default profile: "default"
2024-05-19T14:36:09.268+03:00  INFO 13024 --- [main] .s.d.r.c.RepositoryConfigurationDelegate : Bootstrapping Spring Data JPA repositories in DEFAULT mode.
2024-05-19T14:36:09.342+03:00  INFO 13024 --- [main] .s.d.r.c.RepositoryConfigurationDelegate : Finished Spring Data repository scanning in 60 ms. Found 1 JPA repository interface.
2024-05-19T14:36:10.446+03:00  INFO 13024 --- [main] o.s.b.w.embedded.tomcat.TomcatWebServer  : Tomcat initialized with port 8080 (http)
2024-05-19T14:36:10.460+03:00  INFO 13024 --- [main] o.apache.catalina.core.StandardService   : Starting service [Tomcat]
2024-05-19T14:36:10.460+03:00  INFO 13024 --- [main] o.apache.catalina.core.StandardEngine    : Starting Servlet engine: [Apache Tomcat/10.1.20]
2024-05-19T14:36:10.558+03:00  INFO 13024 --- [main] o.a.c.c.C.[Tomcat].[localhost].[/]       : Initializing Spring embedded WebApplicationContext
2024-05-19T14:36:10.559+03:00  INFO 13024 --- [main] w.s.c.ServletWebServerApplicationContext : Root WebApplicationContext: initialization completed in 2409 ms
2024-05-19T14:36:10.792+03:00  INFO 13024 --- [main] com.zaxxer.hikari.HikariDataSource       : HikariPool-1 - Starting...
2024-05-19T14:36:11.073+03:00  INFO 13024 --- [main] com.zaxxer.hikari.pool.HikariPool        : HikariPool-1 - Added connection conn0: url=jdbc:h2:mem:7e50d294-f203-4931-aa8f-848b4e34cbf6 user=SA
2024-05-19T14:36:11.078+03:00  INFO 13024 --- [main] com.zaxxer.hikari.HikariDataSource       : HikariPool-1 - Start completed.
2024-05-19T14:36:11.153+03:00  INFO 13024 --- [main] o.hibernate.jpa.internal.util.LogHelper  : HHH000204: Processing PersistenceUnitInfo [name: default]
2024-05-19T14:36:11.242+03:00  INFO 13024 --- [main] org.hibernate.Version                    : HHH000412: Hibernate ORM core version 6.4.4.Final
2024-05-19T14:36:11.292+03:00  INFO 13024 --- [main] o.h.c.internal.RegionFactoryInitiator    : HHH000026: Second-level cache disabled
2024-05-19T14:36:11.735+03:00  INFO 13024 --- [main] o.s.o.j.p.SpringPersistenceUnitInfo      : No LoadTimeWeaver setup: ignoring JPA class transformer
2024-05-19T14:36:12.857+03:00  INFO 13024 --- [main] o.h.e.t.j.p.i.JtaPlatformInitiator       : HHH000489: No JTA platform available (set 'hibernate.transaction.jta.platform' to enable JTA platform integration)
2024-05-19T14:36:12.902+03:00  INFO 13024 --- [main] j.LocalContainerEntityManagerFactoryBean : Initialized JPA EntityManagerFactory for persistence unit 'default'
2024-05-19T14:36:13.704+03:00  WARN 13024 --- [main] JpaBaseConfiguration$JpaWebConfiguration : spring.jpa.open-in-view is enabled by default. Therefore, database queries may be performed during view rendering. Explicitly configure spring.jpa.open-in-view to disable this warning
2024-05-19T14:36:14.466+03:00  INFO 13024 --- [main] o.s.b.w.embedded.tomcat.TomcatWebServer  : Tomcat started on port 8080 (http) with context path ''
2024-05-19T14:36:14.481+03:00  INFO 13024 --- [main] r.g.h.HomeworkSimpleApplication          : Started HomeworkSimpleApplication in 7.148 seconds (process running for 7.934)
2024-05-19T14:37:18.017+03:00  INFO 13024 --- [http-nio-8080-exec-1] o.a.c.c.C.[Tomcat].[localhost].[/]       : Initializing Spring DispatcherServlet 'dispatcherServlet'
2024-05-19T14:37:18.017+03:00  INFO 13024 --- [http-nio-8080-exec-1] o.s.web.servlet.DispatcherServlet        : Initializing Servlet 'dispatcherServlet'
2024-05-19T14:37:18.019+03:00  INFO 13024 --- [http-nio-8080-exec-1] o.s.web.servlet.DispatcherServlet        : Completed initialization in 1 ms
2024-05-19T14:38:00.055+03:00  INFO 13024 --- [http-nio-8080-exec-3] r.g.h.aspect.TrackUserActionAspect       : Метод: createNote
Параметры: [Note(id=1, title=test1, context=This is text of note with title test1, dateTime=2024-05-19T14:38:00.018798200)]
---------------------
2024-05-19T14:38:29.209+03:00  INFO 13024 --- [http-nio-8080-exec-5] r.g.h.aspect.TrackUserActionAspect       : Метод: getNoteById
Параметры: [1]
---------------------
2024-05-19T14:38:36.403+03:00  INFO 13024 --- [SpringApplicationShutdownHook] j.LocalContainerEntityManagerFactoryBean : Closing JPA EntityManagerFactory for persistence unit 'default'
2024-05-19T14:38:36.407+03:00  INFO 13024 --- [SpringApplicationShutdownHook] com.zaxxer.hikari.HikariDataSource       : HikariPool-1 - Shutdown initiated...
2024-05-19T14:38:36.411+03:00  INFO 13024 --- [SpringApplicationShutdownHook] com.zaxxer.hikari.HikariDataSource       : HikariPool-1 - Shutdown completed.
